#
# A fatal error has been detected by the Java Runtime Environment:
#
#  SIGSEGV (0xb) at pc=0xb475a71d, pid=4166, tid=2003422064
#
# JRE version: 6.0_20-b20
# Java VM: OpenJDK Server VM (19.0-b09 mixed mode linux-x86 )
# Derivative: IcedTea6 1.9.2
# Distribution: Ubuntu 10.10, package 6b20-1.9.2-0ubuntu2
# Problematic frame:
# v  ~BufferBlob::jni_fast_GetLongField
#
# If you would like to submit a bug report, please include
# instructions how to reproduce the bug and visit:
#   https://bugs.launchpad.net/ubuntu/+source/openjdk-6/
# The crash happened outside the Java Virtual Machine in native code.
# See problematic frame for where to report the bug.
#

---------------  T H R E A D  ---------------

Current thread (0x09d40c00):  JavaThread "AWT-XAWT" daemon [_thread_in_native, id=4183, stack(0x7764c000,0x7769d000)]

siginfo:si_signo=SIGSEGV: si_errno=0, si_code=1 (SEGV_MAPERR), si_addr=0x00000000

Registers:
EAX=0x00000000, EBX=0x00685ff4, ECX=0x000000e6, EDX=0x00000000
ESP=0x7769bca8, EBP=0x7769bcf8, ESI=0x00000042, EDI=0x006880e0
EIP=0xb475a71d, CR2=0x00000000, EFLAGS=0x00210246

Register to memory mapping:

EAX=0x00000000
0x00000000 is pointing to unknown location

EBX=0x00685ff4
0x00685ff4: <offset 0x43ff4> in /usr/lib/jvm/java-6-openjdk/jre/lib/i386/xawt/libmawt.so at 0x00642000

ECX=0x000000e6
0x000000e6 is pointing to unknown location

EDX=0x00000000
0x00000000 is pointing to unknown location

ESP=0x7769bca8
0x7769bca8 is pointing into the stack for thread: 0x09d40c00
"AWT-XAWT" daemon prio=10 tid=0x09d40c00 nid=0x1057 runnable [0x7769b000]
   java.lang.Thread.State: RUNNABLE

EBP=0x7769bcf8
0x7769bcf8 is pointing into the stack for thread: 0x09d40c00
"AWT-XAWT" daemon prio=10 tid=0x09d40c00 nid=0x1057 runnable [0x7769b000]
   java.lang.Thread.State: RUNNABLE

ESI=0x00000042
0x00000042 is pointing to unknown location

EDI=0x006880e0
0x006880e0: <offset 0x460e0> in /usr/lib/jvm/java-6-openjdk/jre/lib/i386/xawt/libmawt.so at 0x00642000


Top of Stack: (sp=0x7769bca8)
0x7769bca8:   09d40d18 0065b0fd 09d40d18 00000000
0x7769bcb8:   00000042 011f2cc3 00000000 09d40c00
0x7769bcc8:   7769bcf8 09d40d18 09d41ad0 00000000
0x7769bcd8:   7769bcf8 0065b424 012d8724 00010002
0x7769bce8:   00000000 00809ff4 773d38f8 7704b120
0x7769bcf8:   7769bd38 00754f1b 773d38f8 00000000
0x7769bd08:   00000000 787bb5a8 791177b0 786cccd8
0x7769bd18:   00000000 00000004 7769bd60 b4717005 

Instructions: (pc=0xb475a71d)
0xb475a70d:   00 00 00 8b c1 83 e0 01 8b 54 04 0c 8b 74 24 10
0xb475a71d:   8b 12 c1 ee 02 8b 04 32 8b 54 32 04 be 08 dc 2e 

Stack: [0x7764c000,0x7769d000],  sp=0x7769bca8,  free space=319k
Native frames: (J=compiled Java code, j=interpreted, Vv=VM code, C=native code)
v  ~BufferBlob::jni_fast_GetLongField
C  [libX11.so.6+0x64f1b]  _XimServerDestroy+0x6b
C  [libX11.so.6+0x5a424]
C  [libX11.so.6+0x1a0d8]  XFilterEvent+0xd8
C  [libmawt.so+0xe474]  Java_sun_awt_X11_XlibWrapper_XFilterEvent+0x24
j  sun.awt.X11.XlibWrapper.XFilterEvent(JJ)Z+0
j  sun.awt.X11.XToolkit.run(Z)V+249
j  sun.awt.X11.XToolkit.run()V+5
j  java.lang.Thread.run()V+11
v  ~StubRoutines::call_stub
V  [libjvm.so+0x37d172]
V  [libjvm.so+0x50b279]
V  [libjvm.so+0x37c10f]
V  [libjvm.so+0x37c56a]
V  [libjvm.so+0x37c6c8]
V  [libjvm.so+0x3cea30]
V  [libjvm.so+0x5fe07c]
V  [libjvm.so+0x5fe142]
V  [libjvm.so+0x511ca1]
C  [libpthread.so.0+0x5cc9]

Java frames: (J=compiled Java code, j=interpreted, Vv=VM code)
j  sun.awt.X11.XlibWrapper.XFilterEvent(JJ)Z+0
j  sun.awt.X11.XToolkit.run(Z)V+249
j  sun.awt.X11.XToolkit.run()V+5
j  java.lang.Thread.run()V+11
v  ~StubRoutines::call_stub

---------------  P R O C E S S  ---------------

Java Threads: ( => current thread )
  0x09e95400 JavaThread "OTACommandServer" [_thread_blocked, id=4207, stack(0x768ab000,0x768fc000)]
  0x773e1c00 JavaThread "NetManagementServer" daemon [_thread_blocked, id=4205, stack(0x7694d000,0x7699e000)]
  0x0a039400 JavaThread "RadioPacketDispatcher:0014.4F01.0000.6620" daemon [_thread_blocked, id=4204, stack(0x7699e000,0x769ef000)]
  0x0a037800 JavaThread "RadioPacketDispatcher:851B.ABE3.0000.804F" daemon [_thread_blocked, id=4203, stack(0x769ef000,0x76a40000)]
  0x0a036000 JavaThread "PacketQualityForwarder" [_thread_blocked, id=4202, stack(0x76a40000,0x76a91000)]
  0x09f92800 JavaThread "LQRPReceiver" daemon [_thread_blocked, id=4201, stack(0x76a91000,0x76ae2000)]
  0x0a03b400 JavaThread "LQRPSender" daemon [_thread_blocked, id=4200, stack(0x76ae2000,0x76b33000)]
  0x09f91000 JavaThread "RequestTableCleaner" daemon [_thread_blocked, id=4199, stack(0x76b33000,0x76b84000)]
  0x09f90400 JavaThread "Routing Neighbor" [_thread_blocked, id=4198, stack(0x76b84000,0x76bd5000)]
  0x0a02f400 JavaThread "BroadcastDispatcher" [_thread_blocked, id=4197, stack(0x76bd5000,0x76c26000)]
  0x09f8fc00 JavaThread "Timer-0" [_thread_blocked, id=4196, stack(0x76c26000,0x76c77000)]
  0x773ca400 JavaThread "TimerQueue" daemon [_thread_blocked, id=4195, stack(0x76cfe000,0x76d4f000)]
  0x77039000 JavaThread "Thread-3" [_thread_in_native, id=4194, stack(0x76ecb000,0x76f1c000)]
  0x77038400 JavaThread "Thread-2" [_thread_in_native, id=4193, stack(0x76faf000,0x77000000)]
  0x7702cc00 JavaThread "Socket MAC broadcast packet rx thread" daemon [_thread_in_native, id=4192, stack(0x77110000,0x77161000)]
  0x7702d800 JavaThread "Socket MAC broadcast command rx thread" daemon [_thread_in_native, id=4191, stack(0x7740d000,0x7745e000)]
  0x77007800 JavaThread "AWT-EventQueue-0" [_thread_blocked, id=4190, stack(0x7745e000,0x774af000)]
  0x77007000 JavaThread "AWT-Shutdown" [_thread_blocked, id=4189, stack(0x774af000,0x77500000)]
=>0x09d40c00 JavaThread "AWT-XAWT" daemon [_thread_in_native, id=4183, stack(0x7764c000,0x7769d000)]
  0x77739400 JavaThread "Java2D Disposer" daemon [_thread_blocked, id=4182, stack(0x778a0000,0x778f1000)]
  0x780b6400 JavaThread "Low Memory Detector" daemon [_thread_blocked, id=4180, stack(0x77972000,0x779c3000)]
  0x780b4400 JavaThread "CompilerThread1" daemon [_thread_blocked, id=4179, stack(0x779c3000,0x77a44000)]
  0x780b2400 JavaThread "CompilerThread0" daemon [_thread_blocked, id=4178, stack(0x77a44000,0x77ac5000)]
  0x780b0c00 JavaThread "Signal Dispatcher" daemon [_thread_blocked, id=4177, stack(0x77ac5000,0x77b16000)]
  0x780a1400 JavaThread "Finalizer" daemon [_thread_blocked, id=4176, stack(0x77d16000,0x77d67000)]
  0x7809fc00 JavaThread "Reference Handler" daemon [_thread_blocked, id=4175, stack(0x77d67000,0x77db8000)]
  0x09c46400 JavaThread "main" [_thread_blocked, id=4169, stack(0xb7714000,0xb7765000)]

Other Threads:
  0x7809c000 VMThread [stack: 0x77db8000,0x77e39000] [id=4174]
  0x780b8400 WatcherThread [stack: 0x778f1000,0x77972000] [id=4181]

VM state:not at safepoint (normal execution)

VM Mutex/Monitor currently owned by a thread: None

Heap
 PSYoungGen      total 15552K, used 4616K [0xa3100000, 0xa4250000, 0xb4650000)
  eden space 13376K, 19% used [0xa3100000,0xa337be08,0xa3e10000)
  from space 2176K, 95% used [0xa4030000,0xa4236588,0xa4250000)
  to   space 2176K, 0% used [0xa3e10000,0xa3e10000,0xa4030000)
 PSOldGen        total 35456K, used 2178K [0x80650000, 0x828f0000, 0xa3100000)
  object space 35456K, 6% used [0x80650000,0x80870840,0x828f0000)
 PSPermGen       total 16384K, used 11064K [0x78650000, 0x79650000, 0x80650000)
  object space 16384K, 67% used [0x78650000,0x7911e218,0x79650000)

Dynamic libraries:
00110000-00267000 r-xp 00000000 08:06 811867     /lib/libc-2.12.1.so
00267000-00269000 r--p 00157000 08:06 811867     /lib/libc-2.12.1.so
00269000-0026a000 rw-p 00159000 08:06 811867     /lib/libc-2.12.1.so
0026a000-0026d000 rw-p 00000000 00:00 0 
0026d000-00273000 r-xp 00000000 08:06 811866     /lib/libnss_compat-2.12.1.so
00273000-00274000 r--p 00006000 08:06 811866     /lib/libnss_compat-2.12.1.so
00274000-00275000 rw-p 00007000 08:06 811866     /lib/libnss_compat-2.12.1.so
00275000-00279000 r-xp 00000000 08:06 792093     /usr/lib/libXtst.so.6.1.0
00279000-0027a000 r--p 00003000 08:06 792093     /usr/lib/libXtst.so.6.1.0
0027a000-0027b000 rw-p 00004000 08:06 792093     /usr/lib/libXtst.so.6.1.0
0027b000-00287000 r-xp 00000000 08:06 793650     /usr/lib/libXi.so.6.1.0
00287000-00288000 r--p 0000b000 08:06 793650     /usr/lib/libXi.so.6.1.0
00288000-00289000 rw-p 0000c000 08:06 793650     /usr/lib/libXi.so.6.1.0
00289000-0028d000 r-xp 00000000 08:06 792256     /usr/lib/libXdmcp.so.6.0.0
0028d000-0028e000 r--p 00003000 08:06 792256     /usr/lib/libXdmcp.so.6.0.0
0028e000-0028f000 rw-p 00004000 08:06 792256     /usr/lib/libXdmcp.so.6.0.0
0028f000-002d3000 r-xp 00000000 08:06 3440       /usr/lib/jvm/java-6-openjdk/jre/lib/i386/libfontmanager.so
002d3000-002d5000 r--p 00043000 08:06 3440       /usr/lib/jvm/java-6-openjdk/jre/lib/i386/libfontmanager.so
002d5000-002d6000 rw-p 00045000 08:06 3440       /usr/lib/jvm/java-6-openjdk/jre/lib/i386/libfontmanager.so
002d6000-002db000 rw-p 00000000 00:00 0 
002db000-002e3000 r-xp 00000000 08:06 793646     /usr/lib/libXcursor.so.1.0.2
002e3000-002e4000 r--p 00007000 08:06 793646     /usr/lib/libXcursor.so.1.0.2
002e4000-002e5000 rw-p 00008000 08:06 793646     /usr/lib/libXcursor.so.1.0.2
002e5000-002eb000 r-xp 00000000 08:06 3469       /usr/lib/jvm/java-6-openjdk/jre/lib/i386/libzip.so
002eb000-002ec000 r--p 00005000 08:06 3469       /usr/lib/jvm/java-6-openjdk/jre/lib/i386/libzip.so
002ec000-002ed000 rw-p 00006000 08:06 3469       /usr/lib/jvm/java-6-openjdk/jre/lib/i386/libzip.so
002ed000-00307000 r-xp 00000000 08:06 794160     /lib/libgcc_s.so.1
00307000-00308000 r--p 00019000 08:06 794160     /lib/libgcc_s.so.1
00308000-00309000 rw-p 0001a000 08:06 794160     /lib/libgcc_s.so.1
00309000-0030d000 r-xp 00000000 08:06 793615     /usr/lib/libXfixes.so.3.1.0
0030d000-0030e000 r--p 00003000 08:06 793615     /usr/lib/libXfixes.so.3.1.0
0030e000-0030f000 rw-p 00004000 08:06 793615     /usr/lib/libXfixes.so.3.1.0
0030f000-00311000 r-xp 00000000 08:06 793669     /usr/lib/libXinerama.so.1.0.0
00311000-00312000 r--p 00001000 08:06 793669     /usr/lib/libXinerama.so.1.0.0
00312000-00313000 rw-p 00002000 08:06 793669     /usr/lib/libXinerama.so.1.0.0
00313000-00319000 r-xp 00000000 08:06 795596     /usr/lib/libXrandr.so.2.2.0
00319000-0031a000 r--p 00005000 08:06 795596     /usr/lib/libXrandr.so.2.2.0
0031a000-0031b000 rw-p 00006000 08:06 795596     /usr/lib/libXrandr.so.2.2.0
0031b000-00325000 r-xp 00000000 08:06 793053     /usr/lib/libpangocairo-1.0.so.0.2800.1
00325000-00326000 r--p 00009000 08:06 793053     /usr/lib/libpangocairo-1.0.so.0.2800.1
00326000-00327000 rw-p 0000a000 08:06 793053     /usr/lib/libpangocairo-1.0.so.0.2800.1
00327000-00329000 r-xp 00000000 08:06 793644     /usr/lib/libXcomposite.so.1.0.0
00329000-0032a000 r--p 00001000 08:06 793644     /usr/lib/libXcomposite.so.1.0.0
0032a000-0032b000 rw-p 00002000 08:06 793644     /usr/lib/libXcomposite.so.1.0.0
0032b000-0032e000 r-xp 00000000 08:06 796326     /usr/lib/libgthread-2.0.so.0.2600.0
0032e000-0032f000 r--p 00003000 08:06 796326     /usr/lib/libgthread-2.0.so.0.2600.0
0032f000-00330000 rw-p 00004000 08:06 796326     /usr/lib/libgthread-2.0.so.0.2600.0
00330000-00332000 r-xp 00000000 08:06 795439     /usr/lib/libxcb-shm.so.0.0.0
00332000-00333000 r--p 00001000 08:06 795439     /usr/lib/libxcb-shm.so.0.0.0
00333000-00334000 rw-p 00002000 08:06 795439     /usr/lib/libxcb-shm.so.0.0.0
00334000-00347000 r-xp 00000000 08:06 811862     /lib/libnsl-2.12.1.so
00347000-00348000 r--p 00012000 08:06 811862     /lib/libnsl-2.12.1.so
00348000-00349000 rw-p 00013000 08:06 811862     /lib/libnsl-2.12.1.so
00349000-0034b000 rw-p 00000000 00:00 0 
0034b000-00363000 r-xp 00000000 08:06 792447     /usr/lib/libatk-1.0.so.0.3209.1
00363000-00364000 ---p 00018000 08:06 792447     /usr/lib/libatk-1.0.so.0.3209.1
00364000-00365000 r--p 00018000 08:06 792447     /usr/lib/libatk-1.0.so.0.3209.1
00365000-00366000 rw-p 00019000 08:06 792447     /usr/lib/libatk-1.0.so.0.3209.1
00366000-0036a000 r-xp 00000000 08:06 795401     /usr/lib/libcanberra-gtk.so.0.1.6
0036a000-0036b000 r--p 00003000 08:06 795401     /usr/lib/libcanberra-gtk.so.0.1.6
0036b000-0036c000 rw-p 00004000 08:06 795401     /usr/lib/libcanberra-gtk.so.0.1.6
0036c000-00384000 r-xp 00000000 08:06 792261     /usr/lib/libxcb.so.1.1.0
00384000-00385000 r--p 00017000 08:06 792261     /usr/lib/libxcb.so.1.1.0
00385000-00386000 rw-p 00018000 08:06 792261     /usr/lib/libxcb.so.1.1.0
00386000-0039d000 r-xp 00000000 08:06 792505     /usr/lib/libgdk_pixbuf-2.0.so.0.2200.0
0039d000-0039e000 r--p 00017000 08:06 792505     /usr/lib/libgdk_pixbuf-2.0.so.0.2200.0
0039e000-0039f000 rw-p 00018000 08:06 792505     /usr/lib/libgdk_pixbuf-2.0.so.0.2200.0
0039f000-003a1000 r-xp 00000000 08:06 921967     /usr/lib/pango/1.6.0/modules/pango-basic-fc.so
003a1000-003a2000 r--p 00001000 08:06 921967     /usr/lib/pango/1.6.0/modules/pango-basic-fc.so
003a2000-003a3000 rw-p 00002000 08:06 921967     /usr/lib/pango/1.6.0/modules/pango-basic-fc.so
003a3000-003ac000 r-xp 00000000 08:06 811860     /lib/libnss_nis-2.12.1.so
003ac000-003ad000 r--p 00008000 08:06 811860     /lib/libnss_nis-2.12.1.so
003ad000-003ae000 rw-p 00009000 08:06 811860     /lib/libnss_nis-2.12.1.so
003ae000-00420000 r-xp 00000000 08:06 792412     /usr/lib/libfreetype.so.6.6.0
00420000-00424000 r--p 00071000 08:06 792412     /usr/lib/libfreetype.so.6.6.0
00424000-00425000 rw-p 00075000 08:06 792412     /usr/lib/libfreetype.so.6.6.0
00425000-00449000 r-xp 00000000 08:06 793267     /usr/lib/libpangoft2-1.0.so.0.2800.1
00449000-0044a000 r--p 00023000 08:06 793267     /usr/lib/libpangoft2-1.0.so.0.2800.1
0044a000-0044b000 rw-p 00024000 08:06 793267     /usr/lib/libpangoft2-1.0.so.0.2800.1
0044b000-00451000 r-xp 00000000 08:06 795321     /usr/lib/libxcb-render.so.0.0.0
00451000-00452000 r--p 00005000 08:06 795321     /usr/lib/libxcb-render.so.0.0.0
00452000-00453000 rw-p 00006000 08:06 795321     /usr/lib/libxcb-render.so.0.0.0
00453000-00463000 r-xp 00000000 08:06 811857     /lib/libresolv-2.12.1.so
00463000-00464000 r--p 00010000 08:06 811857     /lib/libresolv-2.12.1.so
00464000-00465000 rw-p 00011000 08:06 811857     /lib/libresolv-2.12.1.so
00465000-00467000 rw-p 00000000 00:00 0 
00467000-00475000 r-xp 00000000 08:06 796532     /usr/lib/libcanberra.so.0.2.4
00475000-00476000 r--p 0000d000 08:06 796532     /usr/lib/libcanberra.so.0.2.4
00476000-00477000 rw-p 0000e000 08:06 796532     /usr/lib/libcanberra.so.0.2.4
00478000-00482000 r-xp 00000000 08:06 811854     /lib/libnss_files-2.12.1.so
00482000-00483000 r--p 00009000 08:06 811854     /lib/libnss_files-2.12.1.so
00483000-00484000 rw-p 0000a000 08:06 811854     /lib/libnss_files-2.12.1.so
00486000-004aa000 r-xp 00000000 08:06 811865     /lib/libm-2.12.1.so
004aa000-004ab000 r--p 00023000 08:06 811865     /lib/libm-2.12.1.so
004ab000-004ac000 rw-p 00024000 08:06 811865     /lib/libm-2.12.1.so
004ac000-004b3000 r-xp 00000000 08:06 796528     /usr/lib/libvorbisfile.so.3.3.2
004b3000-004b4000 r--p 00006000 08:06 796528     /usr/lib/libvorbisfile.so.3.3.2
004b4000-004b5000 rw-p 00007000 08:06 796528     /usr/lib/libvorbisfile.so.3.3.2
004b5000-004ba000 r-xp 00000000 08:06 800094     /usr/lib/libogg.so.0.7.0
004ba000-004bb000 r--p 00004000 08:06 800094     /usr/lib/libogg.so.0.7.0
004bb000-004bc000 rw-p 00005000 08:06 800094     /usr/lib/libogg.so.0.7.0
004bc000-004c9000 r-xp 00000000 08:06 796286     /usr/lib/libtdb.so.1.2.1
004c9000-004ca000 r--p 0000c000 08:06 796286     /usr/lib/libtdb.so.1.2.1
004ca000-004cb000 rw-p 0000d000 08:06 796286     /usr/lib/libtdb.so.1.2.1
004d2000-004d3000 r-xp 00000000 00:00 0          [vdso]
004d3000-00567000 r-xp 00000000 08:06 793606     /usr/lib/libgdk-x11-2.0.so.0.2200.0
00567000-00569000 r--p 00094000 08:06 793606     /usr/lib/libgdk-x11-2.0.so.0.2200.0
00569000-0056a000 rw-p 00096000 08:06 793606     /usr/lib/libgdk-x11-2.0.so.0.2200.0
00570000-00572000 r-xp 00000000 08:06 793648     /usr/lib/libXdamage.so.1.1.0
00572000-00573000 r--p 00001000 08:06 793648     /usr/lib/libXdamage.so.1.1.0
00573000-00574000 rw-p 00002000 08:06 793648     /usr/lib/libXdamage.so.1.1.0
00574000-005b3000 r-xp 00000000 08:06 793001     /usr/lib/libpango-1.0.so.0.2800.1
005b3000-005b4000 ---p 0003f000 08:06 793001     /usr/lib/libpango-1.0.so.0.2800.1
005b4000-005b5000 r--p 0003f000 08:06 793001     /usr/lib/libpango-1.0.so.0.2800.1
005b5000-005b6000 rw-p 00040000 08:06 793001     /usr/lib/libpango-1.0.so.0.2800.1
005b6000-005bd000 r-xp 00000000 08:06 796204     /usr/lib/libltdl.so.7.2.1
005bd000-005be000 r--p 00006000 08:06 796204     /usr/lib/libltdl.so.7.2.1
005be000-005bf000 rw-p 00007000 08:06 796204     /usr/lib/libltdl.so.7.2.1
005c0000-005c7000 r-xp 00000000 08:06 811858     /lib/librt-2.12.1.so
005c7000-005c8000 r--p 00006000 08:06 811858     /lib/librt-2.12.1.so
005c8000-005c9000 rw-p 00007000 08:06 811858     /lib/librt-2.12.1.so
005c9000-005f7000 r-xp 00000000 08:06 795855     /usr/lib/libfontconfig.so.1.4.4
005f7000-005f8000 r--p 0002d000 08:06 795855     /usr/lib/libfontconfig.so.1.4.4
005f8000-005f9000 rw-p 0002e000 08:06 795855     /usr/lib/libfontconfig.so.1.4.4
005f9000-00639000 r-xp 00000000 08:06 793596     /usr/lib/libgobject-2.0.so.0.2600.0
00639000-0063a000 r--p 00040000 08:06 793596     /usr/lib/libgobject-2.0.so.0.2600.0
0063a000-0063b000 rw-p 00041000 08:06 793596     /usr/lib/libgobject-2.0.so.0.2600.0
00642000-00685000 r-xp 00000000 08:06 3489       /usr/lib/jvm/java-6-openjdk/jre/lib/i386/xawt/libmawt.so
00685000-00686000 r--p 00042000 08:06 3489       /usr/lib/jvm/java-6-openjdk/jre/lib/i386/xawt/libmawt.so
00686000-00688000 rw-p 00043000 08:06 3489       /usr/lib/jvm/java-6-openjdk/jre/lib/i386/xawt/libmawt.so
00688000-00689000 rw-p 00000000 00:00 0 
00689000-00690000 r-xp 00000000 08:06 792500     /usr/lib/gtk-2.0/2.10.0/engines/libpixmap.so
00690000-00691000 ---p 00007000 08:06 792500     /usr/lib/gtk-2.0/2.10.0/engines/libpixmap.so
00691000-00692000 r--p 00007000 08:06 792500     /usr/lib/gtk-2.0/2.10.0/engines/libpixmap.so
00692000-00693000 rw-p 00008000 08:06 792500     /usr/lib/gtk-2.0/2.10.0/engines/libpixmap.so
00693000-006a7000 r-xp 00000000 08:06 3462       /usr/lib/jvm/java-6-openjdk/jre/lib/i386/libnet.so
006a7000-006a8000 r--p 00013000 08:06 3462       /usr/lib/jvm/java-6-openjdk/jre/lib/i386/libnet.so
006a8000-006a9000 rw-p 00014000 08:06 3462       /usr/lib/jvm/java-6-openjdk/jre/lib/i386/libnet.so
006aa000-006c6000 r-xp 00000000 08:06 811851     /lib/ld-2.12.1.so
006c6000-006c7000 r--p 0001b000 08:06 811851     /lib/ld-2.12.1.so
006c7000-006c8000 rw-p 0001c000 08:06 811851     /lib/ld-2.12.1.so
006ca000-006d1000 r-xp 00000000 08:06 3463       /usr/lib/jvm/java-6-openjdk/jre/lib/i386/libnio.so
006d1000-006d2000 r--p 00006000 08:06 3463       /usr/lib/jvm/java-6-openjdk/jre/lib/i386/libnio.so
006d2000-006d3000 rw-p 00007000 08:06 3463       /usr/lib/jvm/java-6-openjdk/jre/lib/i386/libnio.so
006d6000-006eb000 r-xp 00000000 08:06 811868     /lib/libpthread-2.12.1.so
006eb000-006ec000 ---p 00015000 08:06 811868     /lib/libpthread-2.12.1.so
006ec000-006ed000 r--p 00015000 08:06 811868     /lib/libpthread-2.12.1.so
006ed000-006ee000 rw-p 00016000 08:06 811868     /lib/libpthread-2.12.1.so
006ee000-006f0000 rw-p 00000000 00:00 0 
006f0000-00809000 r-xp 00000000 08:06 792990     /usr/lib/libX11.so.6.3.0
00809000-0080a000 r--p 00118000 08:06 792990     /usr/lib/libX11.so.6.3.0
0080a000-0080c000 rw-p 00119000 08:06 792990     /usr/lib/libX11.so.6.3.0
0080c000-0080d000 rw-p 00000000 00:00 0 
0080d000-00813000 r-xp 00000000 08:06 793673     /usr/lib/gtk-2.0/2.10.0/immodules/im-xim.so
00813000-00814000 r--p 00005000 08:06 793673     /usr/lib/gtk-2.0/2.10.0/immodules/im-xim.so
00814000-00815000 rw-p 00006000 08:06 793673     /usr/lib/gtk-2.0/2.10.0/immodules/im-xim.so
00815000-0081b000 r-xp 00000000 08:06 792923     /usr/lib/gtk-2.0/2.10.0/menuproxies/libappmenu.so
0081b000-0081c000 r--p 00005000 08:06 792923     /usr/lib/gtk-2.0/2.10.0/menuproxies/libappmenu.so
0081c000-0081d000 rw-p 00006000 08:06 792923     /usr/lib/gtk-2.0/2.10.0/menuproxies/libappmenu.so
00822000-00845000 r-xp 00000000 08:06 796333     /lib/libpng12.so.0.44.0
00845000-00846000 r--p 00022000 08:06 796333     /lib/libpng12.so.0.44.0
00846000-00847000 rw-p 00023000 08:06 796333     /lib/libpng12.so.0.44.0
00847000-00850000 r-xp 00000000 08:06 792797     /usr/lib/libdbusmenu-gtk.so.1.0.17
00850000-00851000 r--p 00008000 08:06 792797     /usr/lib/libdbusmenu-gtk.so.1.0.17
00851000-00852000 rw-p 00009000 08:06 792797     /usr/lib/libdbusmenu-gtk.so.1.0.17
00852000-00860000 r-xp 00000000 08:06 795673     /usr/lib/libdbusmenu-glib.so.1.0.17
00860000-00861000 ---p 0000e000 08:06 795673     /usr/lib/libdbusmenu-glib.so.1.0.17
00861000-00862000 r--p 0000e000 08:06 795673     /usr/lib/libdbusmenu-glib.so.1.0.17
00862000-00863000 rw-p 0000f000 08:06 795673     /usr/lib/libdbusmenu-glib.so.1.0.17
00863000-00876000 r-xp 00000000 08:06 794161     /lib/libz.so.1.2.3.4
00876000-00877000 r--p 00012000 08:06 794161     /lib/libz.so.1.2.3.4
00877000-00878000 rw-p 00013000 08:06 794161     /lib/libz.so.1.2.3.4
00880000-008a2000 r-xp 00000000 08:06 3449       /usr/lib/jvm/java-6-openjdk/jre/lib/i386/libjava.so
008a2000-008a3000 r--p 00021000 08:06 3449       /usr/lib/jvm/java-6-openjdk/jre/lib/i386/libjava.so
008a3000-008a5000 rw-p 00022000 08:06 3449       /usr/lib/jvm/java-6-openjdk/jre/lib/i386/libjava.so
008a5000-008d8000 r-xp 00000000 08:06 792952     /lib/libpcre.so.3.12.1
008d8000-008d9000 r--p 00032000 08:06 792952     /lib/libpcre.so.3.12.1
008d9000-008da000 rw-p 00033000 08:06 792952     /lib/libpcre.so.3.12.1
008e0000-008eb000 r-xp 00000000 08:06 3468       /usr/lib/jvm/java-6-openjdk/jre/lib/i386/libverify.so
008eb000-008ec000 ---p 0000b000 08:06 3468       /usr/lib/jvm/java-6-openjdk/jre/lib/i386/libverify.so
008ec000-008ed000 r--p 0000b000 08:06 3468       /usr/lib/jvm/java-6-openjdk/jre/lib/i386/libverify.so
008ed000-008ee000 rw-p 0000c000 08:06 3468       /usr/lib/jvm/java-6-openjdk/jre/lib/i386/libverify.so
008ee000-0094a000 r-xp 00000000 08:06 788115     /usr/lib/libpixman-1.so.0.18.4
0094a000-0094d000 r--p 0005c000 08:06 788115     /usr/lib/libpixman-1.so.0.18.4
0094d000-0094e000 rw-p 0005f000 08:06 788115     /usr/lib/libpixman-1.so.0.18.4
0094e000-00974000 r-xp 00000000 08:06 796378     /usr/lib/libvorbis.so.0.4.4
00974000-00975000 r--p 00025000 08:06 796378     /usr/lib/libvorbis.so.0.4.4
00975000-00976000 rw-p 00026000 08:06 796378     /usr/lib/libvorbis.so.0.4.4
00976000-00993000 r-xp 00000000 08:06 797106     /usr/lib/libdbus-glib-1.so.2.1.0
00993000-00994000 r--p 0001c000 08:06 797106     /usr/lib/libdbus-glib-1.so.2.1.0
00994000-00995000 rw-p 0001d000 08:06 797106     /usr/lib/libdbus-glib-1.so.2.1.0
00996000-00a18000 r-xp 00000000 08:06 3438       /usr/lib/jvm/java-6-openjdk/jre/lib/i386/libawt.so
00a18000-00a19000 r--p 00081000 08:06 3438       /usr/lib/jvm/java-6-openjdk/jre/lib/i386/libawt.so
00a19000-00a1f000 rw-p 00082000 08:06 3438       /usr/lib/jvm/java-6-openjdk/jre/lib/i386/libawt.so
00a1f000-00a44000 rw-p 00000000 00:00 0 
00a44000-00a50000 r-xp 00000000 08:06 300430     /home/nguyengia/SunSPOT/sdk/lib/librxtxSerial.so
00a50000-00a51000 rw-p 0000b000 08:06 300430     /home/nguyengia/SunSPOT/sdk/lib/librxtxSerial.so
00a6a000-00a8e000 r-xp 00000000 08:06 788053     /lib/libexpat.so.1.5.2
00a8e000-00a90000 r--p 00024000 08:06 788053     /lib/libexpat.so.1.5.2
00a90000-00a91000 rw-p 00026000 08:06 788053     /lib/libexpat.so.1.5.2
00aa1000-00aa3000 r-xp 00000000 08:06 793935     /usr/lib/libXau.so.6.0.0
00aa3000-00aa4000 r--p 00001000 08:06 793935     /usr/lib/libXau.so.6.0.0
00aa4000-00aa5000 rw-p 00002000 08:06 793935     /usr/lib/libXau.so.6.0.0
00ab4000-00ab6000 r-xp 00000000 08:06 796325     /usr/lib/libgmodule-2.0.so.0.2600.0
00ab6000-00ab7000 r--p 00002000 08:06 796325     /usr/lib/libgmodule-2.0.so.0.2600.0
00ab7000-00ab8000 rw-p 00003000 08:06 796325     /usr/lib/libgmodule-2.0.so.0.2600.0
00ab8000-00ae5000 r-xp 00000000 08:06 792471     /usr/lib/gtk-2.0/2.10.0/engines/libmurrine.so
00ae5000-00ae6000 r--p 0002c000 08:06 792471     /usr/lib/gtk-2.0/2.10.0/engines/libmurrine.so
00ae6000-00ae7000 rw-p 0002d000 08:06 792471     /usr/lib/gtk-2.0/2.10.0/engines/libmurrine.so
00b02000-00b07000 r-xp 00000000 08:06 793387     /usr/lib/gtk-2.0/modules/libcanberra-gtk-module.so
00b07000-00b08000 r--p 00004000 08:06 793387     /usr/lib/gtk-2.0/modules/libcanberra-gtk-module.so
00b08000-00b09000 rw-p 00005000 08:06 793387     /usr/lib/gtk-2.0/modules/libcanberra-gtk-module.so
00b2a000-00b44000 r-xp 00000000 08:06 793757     /lib/libselinux.so.1
00b44000-00b45000 r--p 00019000 08:06 793757     /lib/libselinux.so.1
00b45000-00b46000 rw-p 0001a000 08:06 793757     /lib/libselinux.so.1
00b46000-00b49000 r-xp 00000000 08:06 3434       /usr/lib/jvm/java-6-openjdk/jre/lib/i386/jli/libjli.so
00b49000-00b4a000 r--p 00002000 08:06 3434       /usr/lib/jvm/java-6-openjdk/jre/lib/i386/jli/libjli.so
00b4a000-00b4b000 rw-p 00003000 08:06 3434       /usr/lib/jvm/java-6-openjdk/jre/lib/i386/jli/libjli.so
00b77000-00b85000 r-xp 00000000 08:06 793611     /usr/lib/libXext.so.6.4.0
00b85000-00b86000 r--p 0000d000 08:06 793611     /usr/lib/libXext.so.6.4.0
00b86000-00b87000 rw-p 0000e000 08:06 793611     /usr/lib/libXext.so.6.4.0
00b8a000-00b90000 r-xp 00000000 08:06 3470       /usr/lib/jvm/java-6-openjdk/jre/lib/i386/native_threads/libhpi.so
00b90000-00b91000 r--p 00005000 08:06 3470       /usr/lib/jvm/java-6-openjdk/jre/lib/i386/native_threads/libhpi.so
00b91000-00b92000 rw-p 00006000 08:06 3470       /usr/lib/jvm/java-6-openjdk/jre/lib/i386/native_threads/libhpi.so
00bb6000-00bbe000 r-xp 00000000 08:06 795558     /usr/lib/libXrender.so.1.3.0
00bbe000-00bbf000 r--p 00007000 08:06 795558     /usr/lib/libXrender.so.1.3.0
00bbf000-00bc0000 rw-p 00008000 08:06 795558     /usr/lib/libXrender.so.1.3.0
00bd9000-00bdb000 r-xp 00000000 08:06 811856     /lib/libdl-2.12.1.so
00bdb000-00bdc000 r--p 00001000 08:06 811856     /lib/libdl-2.12.1.so
00bdc000-00bdd000 rw-p 00002000 08:06 811856     /lib/libdl-2.12.1.so
00bdd000-0128e000 r-xp 00000000 08:06 3471       /usr/lib/jvm/java-6-openjdk/jre/lib/i386/server/libjvm.so
0128e000-012d3000 r--p 006b1000 08:06 3471       /usr/lib/jvm/java-6-openjdk/jre/lib/i386/server/libjvm.so
012d3000-012e2000 rw-p 006f6000 08:06 3471       /usr/lib/jvm/java-6-openjdk/jre/lib/i386/server/libjvm.so
012e2000-01701000 rw-p 00000000 00:00 0 
01701000-017af000 r-xp 00000000 08:06 794856     /usr/lib/libcairo.so.2.11000.0
017af000-017b0000 ---p 000ae000 08:06 794856     /usr/lib/libcairo.so.2.11000.0
017b0000-017b1000 r--p 000ae000 08:06 794856     /usr/lib/libcairo.so.2.11000.0
017b1000-017b2000 rw-p 000af000 08:06 794856     /usr/lib/libcairo.so.2.11000.0
017b2000-017b4000 rw-p 00000000 00:00 0 
025b4000-0269c000 r-xp 00000000 08:06 799363     /usr/lib/libgio-2.0.so.0.2600.0
0269c000-0269e000 r--p 000e7000 08:06 799363     /usr/lib/libgio-2.0.so.0.2600.0
0269e000-0269f000 rw-p 000e9000 08:06 799363     /usr/lib/libgio-2.0.so.0.2600.0
0269f000-026a0000 rw-p 00000000 00:00 0 
05f0b000-05f45000 r-xp 00000000 08:06 788034     /lib/libdbus-1.so.3.5.2
05f45000-05f46000 r--p 00039000 08:06 788034     /lib/libdbus-1.so.3.5.2
05f46000-05f47000 rw-p 0003a000 08:06 788034     /lib/libdbus-1.so.3.5.2
0627e000-063a0000 r-xp 00000000 08:06 796171     /usr/lib/libxml2.so.2.7.7
063a0000-063a4000 r--p 00121000 08:06 796171     /usr/lib/libxml2.so.2.7.7
063a4000-063a5000 rw-p 00125000 08:06 796171     /usr/lib/libxml2.so.2.7.7
063a5000-063a6000 rw-p 00000000 00:00 0 
08048000-08051000 r-xp 00000000 08:06 8710       /usr/lib/jvm/java-6-openjdk/jre/bin/java
08051000-08052000 r--p 00008000 08:06 8710       /usr/lib/jvm/java-6-openjdk/jre/bin/java
08052000-08053000 rw-p 00009000 08:06 8710       /usr/lib/jvm/java-6-openjdk/jre/bin/java
08c24000-08fec000 r-xp 00000000 08:06 794914     /usr/lib/libgtk-x11-2.0.so.0.2200.0
08fec000-08ff0000 r--p 003c8000 08:06 794914     /usr/lib/libgtk-x11-2.0.so.0.2200.0
08ff0000-08ff2000 rw-p 003cc000 08:06 794914     /usr/lib/libgtk-x11-2.0.so.0.2200.0
08ff2000-08ff4000 rw-p 00000000 00:00 0 
09b6b000-09c38000 r-xp 00000000 08:06 799364     /lib/libglib-2.0.so.0.2600.0
09c38000-09c39000 r--p 000cc000 08:06 799364     /lib/libglib-2.0.so.0.2600.0
09c39000-09c3a000 rw-p 000cd000 08:06 799364     /lib/libglib-2.0.so.0.2600.0
09c3f000-0a076000 rw-p 00000000 00:00 0          [heap]
7685a000-7685d000 ---p 00000000 00:00 0 
7685d000-768ab000 rw-p 00000000 00:00 0 
768ab000-768ae000 ---p 00000000 00:00 0 
768ae000-768fc000 rw-p 00000000 00:00 0 
768fc000-768ff000 ---p 00000000 00:00 0 
768ff000-7694d000 rw-p 00000000 00:00 0 
7694d000-76950000 ---p 00000000 00:00 0 
76950000-7699e000 rw-p 00000000 00:00 0 
7699e000-769a1000 ---p 00000000 00:00 0 
769a1000-769ef000 rw-p 00000000 00:00 0 
769ef000-769f2000 ---p 00000000 00:00 0 
769f2000-76a40000 rw-p 00000000 00:00 0 
76a40000-76a43000 ---p 00000000 00:00 0 
76a43000-76a91000 rw-p 00000000 00:00 0 
76a91000-76a94000 ---p 00000000 00:00 0 
76a94000-76ae2000 rw-p 00000000 00:00 0 
76ae2000-76ae5000 ---p 00000000 00:00 0 
76ae5000-76b33000 rw-p 00000000 00:00 0 
76b33000-76b36000 ---p 00000000 00:00 0 
76b36000-76b84000 rw-p 00000000 00:00 0 
76b84000-76b87000 ---p 00000000 00:00 0 
76b87000-76bd5000 rw-p 00000000 00:00 0 
76bd5000-76bd8000 ---p 00000000 00:00 0 
76bd8000-76c26000 rw-p 00000000 00:00 0 
76c26000-76c29000 ---p 00000000 00:00 0 
76c29000-76c77000 rw-p 00000000 00:00 0 
76c77000-76cfe000 rw-s 00000000 00:04 2654229    /SYSV00000000 (deleted)
76cfe000-76d01000 ---p 00000000 00:00 0 
76d01000-76d4f000 rw-p 00000000 00:00 0 
76d4f000-76daf000 rw-s 00000000 00:04 2621460    /SYSV00000000 (deleted)
76daf000-76ecb000 rw-p 00000000 00:00 0 
76ecb000-76ece000 ---p 00000000 00:00 0 
76ece000-76f1c000 rw-p 00000000 00:00 0 
76f1c000-76faf000 rw-s 00000000 00:04 2588691    /SYSV00000000 (deleted)
76faf000-76fb2000 ---p 00000000 00:00 0 
76fb2000-77000000 rw-p 00000000 00:00 0 
77000000-77055000 rw-p 00000000 00:00 0 
77055000-77100000 ---p 00000000 00:00 0 
77110000-77113000 ---p 00000000 00:00 0 
77113000-77161000 rw-p 00000000 00:00 0 
77161000-771b0000 r--p 00000000 08:06 927484     /usr/share/fonts/truetype/ttf-dejavu/DejaVuSansMono.ttf
771b0000-771f9000 r--p 00000000 08:06 143143     /usr/share/fonts/macfonts/Lucida Grande.ttf
771f9000-771fa000 r--s 00000000 08:06 1102159    /var/cache/fontconfig/26de28bc8622bbc1fb67fd234c21975f-le32d4.cache-3
771fa000-771fb000 r--s 00000000 08:06 1099063    /var/cache/fontconfig/c05880de57d1f5e948fdfacc138775d9-le32d4.cache-3
771fb000-77201000 r--s 00000000 08:06 1098911    /var/cache/fontconfig/945677eb7aeaf62f1d50efc3fb3ec7d8-le32d4.cache-3
77201000-77203000 r--s 00000000 08:06 1098998    /var/cache/fontconfig/99e8ed0e538f840c565b6ed5dad60d56-le32d4.cache-3
77203000-77204000 r--s 00000000 08:06 1098990    /var/cache/fontconfig/0fafd173547752dce4dee1a69e0b3c95-le32d4.cache-3
77204000-77207000 r--s 00000000 08:06 1098985    /var/cache/fontconfig/e383d7ea5fbe662a33d9b44caf393297-le32d4.cache-3
77207000-77209000 r--s 00000000 08:06 1098984    /var/cache/fontconfig/2cd17615ca594fa2959ae173292e504c-le32d4.cache-3
77209000-7720a000 r--s 00000000 08:06 1098975    /var/cache/fontconfig/e7071f4a29fa870f4323321c154eba04-le32d4.cache-3
7720a000-7720d000 r--s 00000000 08:06 1098973    /var/cache/fontconfig/6eb3985aa4124903f6ff08ba781cd364-le32d4.cache-3
7720d000-7720e000 r--s 00000000 08:06 1098965    /var/cache/fontconfig/4c73fe0c47614734b17d736dbde7580a-le32d4.cache-3
7720e000-7720f000 r--s 00000000 08:06 1098964    /var/cache/fontconfig/0d8c3b2ac0904cb8a57a757ad11a4a08-le32d4.cache-3
7720f000-77210000 r--s 00000000 08:06 1098962    /var/cache/fontconfig/6a53c69dea097a2d716e069445527da8-le32d4.cache-3
77210000-77214000 r--s 00000000 08:06 1098955    /var/cache/fontconfig/a755afe4a08bf5b97852ceb7400b47bc-le32d4.cache-3
77214000-7721b000 r--s 00000000 08:06 1098954    /var/cache/fontconfig/6d41288fd70b0be22e8c3a91e032eec0-le32d4.cache-3
7721b000-77226000 r--s 00000000 08:06 1098950    /var/cache/fontconfig/0f34bcd4b6ee430af32735b75db7f02b-le32d4.cache-3
77226000-7722b000 r--s 00000000 08:06 1098938    /var/cache/fontconfig/d60319d88cac85ba9e1a07bd06cfbb8c-le32d4.cache-3
7722b000-7722c000 r--s 00000000 08:06 1098934    /var/cache/fontconfig/4794a0821666d79190d59a36cb4f44b5-le32d4.cache-3
7722c000-7724e000 r--s 00000000 08:06 1105541    /var/cache/fontconfig/365b55f210c0a22e9a19e35191240f32-le32d4.cache-3
7724e000-77256000 r--s 00000000 08:06 1098932    /var/cache/fontconfig/d52a8644073d54c13679302ca1180695-le32d4.cache-3
77256000-77264000 r--s 00000000 08:06 1066865    /var/cache/fontconfig/e13b20fdb08344e0e664864cc2ede53d-le32d4.cache-3
77264000-77268000 r--s 00000000 08:06 1105524    /var/cache/fontconfig/7ef2298fde41cc6eeb7af42e48b7d293-le32d4.cache-3
77268000-7726c000 r--s 00000000 08:06 1094377    /var/cache/fontconfig/8f469f570c05086ec8fe041cc1dbd291-le32d4.cache-3
7726c000-7727a000 r--s 00000000 08:06 1098914    /var/cache/fontconfig/865f88548240fee46819705c6468c165-le32d4.cache-3
7727a000-77300000 rw-p 00000000 00:00 0 
77300000-773f9000 rw-p 00000000 00:00 0 
773f9000-77400000 ---p 00000000 00:00 0 
7740d000-77410000 ---p 00000000 00:00 0 
77410000-7745e000 rw-p 00000000 00:00 0 
7745e000-77461000 ---p 00000000 00:00 0 
77461000-774af000 rw-p 00000000 00:00 0 
774af000-774b2000 ---p 00000000 00:00 0 
774b2000-77500000 rw-p 00000000 00:00 0 
77500000-77600000 rw-p 00000000 00:00 0 
7763f000-77641000 r--s 00009000 08:06 300394     /home/nguyengia/SunSPOT/sdk/lib/socket_proxy_host.jar
77641000-77645000 r--s 0002c000 08:06 300396     /home/nguyengia/SunSPOT/sdk/lib/spotclient_host.jar
77645000-77647000 r--s 0000d000 08:06 300278     /home/nguyengia/SunSPOT/sdk/lib/RXTXcomm.jar
77647000-7764c000 r--s 00027000 08:06 300397     /home/nguyengia/SunSPOT/sdk/lib/spotlib_common.jar
7764c000-7764f000 ---p 00000000 00:00 0 
7764f000-7769d000 rw-p 00000000 00:00 0 
7769d000-776a3000 r--s 000fc000 08:06 8662       /usr/lib/jvm/java-6-openjdk/jre/lib/resources.jar
776a3000-776a4000 r--s 00000000 08:06 1102159    /var/cache/fontconfig/26de28bc8622bbc1fb67fd234c21975f-le32d4.cache-3
776a4000-776a5000 r--s 00000000 08:06 1099063    /var/cache/fontconfig/c05880de57d1f5e948fdfacc138775d9-le32d4.cache-3
776a5000-776ab000 r--s 00000000 08:06 1098911    /var/cache/fontconfig/945677eb7aeaf62f1d50efc3fb3ec7d8-le32d4.cache-3
776ab000-776ad000 r--s 00000000 08:06 1098998    /var/cache/fontconfig/99e8ed0e538f840c565b6ed5dad60d56-le32d4.cache-3
776ad000-776ae000 r--s 00000000 08:06 1098990    /var/cache/fontconfig/0fafd173547752dce4dee1a69e0b3c95-le32d4.cache-3
776ae000-776b1000 r--s 00000000 08:06 1098985    /var/cache/fontconfig/e383d7ea5fbe662a33d9b44caf393297-le32d4.cache-3
776b1000-776b3000 r--s 00000000 08:06 1098984    /var/cache/fontconfig/2cd17615ca594fa2959ae173292e504c-le32d4.cache-3
776b3000-776b4000 r--s 00000000 08:06 1098975    /var/cache/fontconfig/e7071f4a29fa870f4323321c154eba04-le32d4.cache-3
776b4000-776b7000 r--s 00000000 08:06 1098973    /var/cache/fontconfig/6eb3985aa4124903f6ff08ba781cd364-le32d4.cache-3
776b7000-776b8000 r--s 00000000 08:06 1098965    /var/cache/fontconfig/4c73fe0c47614734b17d736dbde7580a-le32d4.cache-3
776b8000-776b9000 r--s 00000000 08:06 1098964    /var/cache/fontconfig/0d8c3b2ac0904cb8a57a757ad11a4a08-le32d4.cache-3
776b9000-776ba000 r--s 00000000 08:06 1098962    /var/cache/fontconfig/6a53c69dea097a2d716e069445527da8-le32d4.cache-3
776ba000-776be000 r--s 00000000 08:06 1098955    /var/cache/fontconfig/a755afe4a08bf5b97852ceb7400b47bc-le32d4.cache-3
776be000-776c5000 r--s 00000000 08:06 1098954    /var/cache/fontconfig/6d41288fd70b0be22e8c3a91e032eec0-le32d4.cache-3
776c5000-776d0000 r--s 00000000 08:06 1098950    /var/cache/fontconfig/0f34bcd4b6ee430af32735b75db7f02b-le32d4.cache-3
776d0000-776d5000 r--s 00000000 08:06 1098938    /var/cache/fontconfig/d60319d88cac85ba9e1a07bd06cfbb8c-le32d4.cache-3
776d5000-776d6000 r--s 00000000 08:06 1098934    /var/cache/fontconfig/4794a0821666d79190d59a36cb4f44b5-le32d4.cache-3
776d6000-776f8000 r--s 00000000 08:06 1105541    /var/cache/fontconfig/365b55f210c0a22e9a19e35191240f32-le32d4.cache-3
776f8000-77700000 r--s 00000000 08:06 1098932    /var/cache/fontconfig/d52a8644073d54c13679302ca1180695-le32d4.cache-3
77700000-777fd000 rw-p 00000000 00:00 0 
777fd000-77800000 ---p 00000000 00:00 0 
77800000-77803000 r--s 00018000 08:06 300401     /home/nguyengia/SunSPOT/sdk/lib/squawk_common.jar
77803000-77811000 r--s 00000000 08:06 1066865    /var/cache/fontconfig/e13b20fdb08344e0e664864cc2ede53d-le32d4.cache-3
77811000-77815000 r--s 00000000 08:06 1105524    /var/cache/fontconfig/7ef2298fde41cc6eeb7af42e48b7d293-le32d4.cache-3
77815000-77819000 r--s 00000000 08:06 1094377    /var/cache/fontconfig/8f469f570c05086ec8fe041cc1dbd291-le32d4.cache-3
77819000-77827000 r--s 00000000 08:06 1098914    /var/cache/fontconfig/865f88548240fee46819705c6468c165-le32d4.cache-3
77827000-77828000 r--s 00000000 08:06 1102159    /var/cache/fontconfig/26de28bc8622bbc1fb67fd234c21975f-le32d4.cache-3
77828000-77829000 r--s 00000000 08:06 1099063    /var/cache/fontconfig/c05880de57d1f5e948fdfacc138775d9-le32d4.cache-3
77829000-7782f000 r--s 00000000 08:06 1098911    /var/cache/fontconfig/945677eb7aeaf62f1d50efc3fb3ec7d8-le32d4.cache-3
7782f000-77831000 r--s 00000000 08:06 1098998    /var/cache/fontconfig/99e8ed0e538f840c565b6ed5dad60d56-le32d4.cache-3
77831000-77832000 r--s 00000000 08:06 1098990    /var/cache/fontconfig/0fafd173547752dce4dee1a69e0b3c95-le32d4.cache-3
77832000-77835000 r--s 00000000 08:06 1098985    /var/cache/fontconfig/e383d7ea5fbe662a33d9b44caf393297-le32d4.cache-3
77835000-77837000 r--s 00000000 08:06 1098984    /var/cache/fontconfig/2cd17615ca594fa2959ae173292e504c-le32d4.cache-3
77837000-77838000 r--s 00000000 08:06 1098975    /var/cache/fontconfig/e7071f4a29fa870f4323321c154eba04-le32d4.cache-3
77838000-7783b000 r--s 00000000 08:06 1098973    /var/cache/fontconfig/6eb3985aa4124903f6ff08ba781cd364-le32d4.cache-3
7783b000-7783c000 r--s 00000000 08:06 1098965    /var/cache/fontconfig/4c73fe0c47614734b17d736dbde7580a-le32d4.cache-3
7783c000-7783d000 r--s 00000000 08:06 1098964    /var/cache/fontconfig/0d8c3b2ac0904cb8a57a757ad11a4a08-le32d4.cache-3
7783d000-7783e000 r--s 00000000 08:06 1098962    /var/cache/fontconfig/6a53c69dea097a2d716e069445527da8-le32d4.cache-3
7783e000-77842000 r--s 00000000 08:06 1098955    /var/cache/fontconfig/a755afe4a08bf5b97852ceb7400b47bc-le32d4.cache-3
77842000-77849000 r--s 00000000 08:06 1098954    /var/cache/fontconfig/6d41288fd70b0be22e8c3a91e032eec0-le32d4.cache-3
77849000-77854000 r--s 00000000 08:06 1098950    /var/cache/fontconfig/0f34bcd4b6ee430af32735b75db7f02b-le32d4.cache-3
77854000-77859000 r--s 00000000 08:06 1098938    /var/cache/fontconfig/d60319d88cac85ba9e1a07bd06cfbb8c-le32d4.cache-3
77859000-7785a000 r--s 00000000 08:06 1098934    /var/cache/fontconfig/4794a0821666d79190d59a36cb4f44b5-le32d4.cache-3
7785a000-7787c000 r--s 00000000 08:06 1105541    /var/cache/fontconfig/365b55f210c0a22e9a19e35191240f32-le32d4.cache-3
7787c000-77884000 r--s 00000000 08:06 1098932    /var/cache/fontconfig/d52a8644073d54c13679302ca1180695-le32d4.cache-3
77884000-77892000 r--s 00000000 08:06 1066865    /var/cache/fontconfig/e13b20fdb08344e0e664864cc2ede53d-le32d4.cache-3
77892000-778a0000 r--s 00000000 08:06 1098914    /var/cache/fontconfig/865f88548240fee46819705c6468c165-le32d4.cache-3
778a0000-778a3000 ---p 00000000 00:00 0 
778a3000-778f1000 rw-p 00000000 00:00 0 
778f1000-778f2000 ---p 00000000 00:00 0 
778f2000-77972000 rw-p 00000000 00:00 0 
77972000-77975000 ---p 00000000 00:00 0 
77975000-779c3000 rw-p 00000000 00:00 0 
779c3000-779c6000 ---p 00000000 00:00 0 
779c6000-77a44000 rw-p 00000000 00:00 0 
77a44000-77a47000 ---p 00000000 00:00 0 
77a47000-77ac5000 rw-p 00000000 00:00 0 
77ac5000-77ac8000 ---p 00000000 00:00 0 
77ac8000-77b16000 rw-p 00000000 00:00 0 
77b16000-77d16000 r--p 00000000 08:06 793409     /usr/lib/locale/locale-archive
77d16000-77d19000 ---p 00000000 00:00 0 
77d19000-77d67000 rw-p 00000000 00:00 0 
77d67000-77d6a000 ---p 00000000 00:00 0 
77d6a000-77db8000 rw-p 00000000 00:00 0 
77db8000-77db9000 ---p 00000000 00:00 0 
77db9000-77e39000 rw-p 00000000 00:00 0 
77e39000-77e3b000 r--s 0001d000 08:06 8661       /usr/lib/jvm/java-6-openjdk/jre/lib/plugin.jar
77e3b000-77e40000 r--s 00044000 08:06 8660       /usr/lib/jvm/java-6-openjdk/jre/lib/netx.jar
77e40000-77e72000 rw-p 00000000 00:00 0 
77e72000-78000000 r--s 038af000 08:06 980        /usr/lib/jvm/java-6-openjdk/jre/lib/rt.jar
78000000-780fe000 rw-p 00000000 00:00 0 
780fe000-78100000 ---p 00000000 00:00 0 
78100000-78101000 r--s 00004000 08:06 300393     /home/nguyengia/SunSPOT/sdk/lib/signing_host.jar
78101000-78105000 r--s 00000000 08:06 1105524    /var/cache/fontconfig/7ef2298fde41cc6eeb7af42e48b7d293-le32d4.cache-3
78105000-78109000 r--s 00000000 08:06 1094377    /var/cache/fontconfig/8f469f570c05086ec8fe041cc1dbd291-le32d4.cache-3
78109000-7810d000 r--s 0007c000 08:06 8334       /usr/lib/jvm/java-6-openjdk/jre/lib/jsse.jar
7810d000-78115000 r--s 00066000 08:06 919375     /usr/share/java/gnome-java-bridge.jar
78115000-78116000 ---p 00000000 00:00 0 
78116000-78196000 rw-p 00000000 00:00 0 
78196000-78197000 ---p 00000000 00:00 0 
78197000-78217000 rw-p 00000000 00:00 0 
78217000-78218000 ---p 00000000 00:00 0 
78218000-78298000 rw-p 00000000 00:00 0 
78298000-78299000 ---p 00000000 00:00 0 
78299000-78321000 rw-p 00000000 00:00 0 
78321000-78359000 rw-p 00000000 00:00 0 
78359000-7836b000 rw-p 00000000 00:00 0 
7836b000-7846f000 rw-p 00000000 00:00 0 
7846f000-78477000 rw-p 00000000 00:00 0 
78477000-784af000 rw-p 00000000 00:00 0 
784af000-784c1000 rw-p 00000000 00:00 0 
784c1000-785c4000 rw-p 00000000 00:00 0 
785c4000-785cd000 rw-p 00000000 00:00 0 
785cd000-7864f000 rw-p 00000000 00:00 0 
7864f000-79650000 rw-p 00000000 00:00 0 
79650000-80650000 rw-p 00000000 00:00 0 
80650000-828f0000 rw-p 00000000 00:00 0 
828f0000-a3100000 rw-p 00000000 00:00 0 
a3100000-a4250000 rw-p 00000000 00:00 0 
a4250000-b4650000 rw-p 00000000 00:00 0 
b4650000-b4651000 r--s 0000b000 08:06 300399     /home/nguyengia/SunSPOT/sdk/lib/spotlib_host.jar
b4651000-b4654000 r--s 00019000 08:06 300386     /home/nguyengia/SunSPOT/sdk/lib/ipv6lib_common.jar
b4654000-b465d000 rw-p 00000000 00:00 0 
b465d000-b4714000 rw-p 00000000 00:00 0 
b4714000-b4954000 rwxp 00000000 00:00 0 
b4954000-b7714000 rw-p 00000000 00:00 0 
b7714000-b7717000 ---p 00000000 00:00 0 
b7717000-b7768000 rw-p 00000000 00:00 0 
b7768000-b7769000 r--p 00000000 00:00 0 
b7769000-b776d000 r--s 0002e000 08:06 300389     /home/nguyengia/SunSPOT/sdk/lib/multihop_common.jar
b776d000-b776e000 r--s 00001000 08:06 300267     /home/nguyengia/SunSPOT/sdk/bin/spotselector.jar
b776e000-b7771000 r--s 0000f000 08:06 8322       /usr/lib/jvm/java-6-openjdk/jre/lib/ext/pulse-java.jar
b7771000-b7772000 r--p 002a1000 08:06 793409     /usr/lib/locale/locale-archive
b7772000-b777a000 rw-s 00000000 08:06 278892     /tmp/hsperfdata_nguyengia/4166
b777a000-b777b000 rw-p 00000000 00:00 0 
b777b000-b777c000 r--p 00000000 00:00 0 
b777c000-b777e000 rw-p 00000000 00:00 0 
bfc6d000-bfc8e000 rw-p 00000000 00:00 0          [stack]

VM Arguments:
jvm_args: -Xbootclasspath/p:/home/nguyengia/SunSPOT/sdk/lib/imp_classes.jar -Djava.library.path=/home/nguyengia/SunSPOT/sdk/lib: -Dspot.basestation.sharing=true -Dbasestation.services=true -Duser.services= -Dspot.mesh.route.logging=false -Dspot.radiostream.logging=${spot.radiostream.logging} -Dspot.diagnostics=${spot.diagnostics} -Dremote.channel= -Dremote.pan.id= -Dremote.transmit.power= -DSERIAL_PORT=/dev/ttyACM0 -Dsocketproxy.loglevel=error -Dsocketproxy.initport=10 
java_command: com.sun.spot.peripheral.radio.BasestationManagerGUI
Launcher Type: SUN_STANDARD

Environment Variables:
PATH=/usr/local/sbin:/usr/local/bin:/usr/sbin:/usr/bin:/sbin:/bin:/usr/games
USERNAME=nguyengia
LD_LIBRARY_PATH=/usr/lib/jvm/java-6-openjdk/jre/lib/i386/server:/usr/lib/jvm/java-6-openjdk/jre/lib/i386:/usr/lib/jvm/java-6-openjdk/jre/../lib/i386:/usr/lib/jvm/java-6-openjdk/jre/lib/i386/client:/usr/lib/jvm/java-6-openjdk/jre/lib/i386:/usr/lib/jvm/java-6-openjdk/jre/../lib/i386
SHELL=/bin/bash
DISPLAY=:0.0

Signal Handlers:
SIGSEGV: [libjvm.so+0x636ce0], sa_mask[0]=0x7ffbfeff, sa_flags=0x10000004
SIGBUS: [libjvm.so+0x636ce0], sa_mask[0]=0x7ffbfeff, sa_flags=0x10000004
SIGFPE: [libjvm.so+0x50dfc0], sa_mask[0]=0x7ffbfeff, sa_flags=0x10000004
SIGPIPE: SIG_IGN, sa_mask[0]=0x00001000, sa_flags=0x10000000
SIGXFSZ: [libjvm.so+0x50dfc0], sa_mask[0]=0x7ffbfeff, sa_flags=0x10000004
SIGILL: [libjvm.so+0x50dfc0], sa_mask[0]=0x7ffbfeff, sa_flags=0x10000004
SIGUSR1: SIG_DFL, sa_mask[0]=0x00000000, sa_flags=0x00000000
SIGUSR2: [libjvm.so+0x50d670], sa_mask[0]=0x00000004, sa_flags=0x10000004
SIGHUP: [libjvm.so+0x5101e0], sa_mask[0]=0x7ffbfeff, sa_flags=0x10000004
SIGINT: SIG_IGN, sa_mask[0]=0x00000000, sa_flags=0x00000000
SIGTERM: [libjvm.so+0x5101e0], sa_mask[0]=0x7ffbfeff, sa_flags=0x10000004
SIGQUIT: [libjvm.so+0x5101e0], sa_mask[0]=0x7ffbfeff, sa_flags=0x10000004


---------------  S Y S T E M  ---------------

OS:Ubuntu 10.10 (maverick)
uname:Linux 2.6.35-24-generic #42-Ubuntu SMP Thu Dec 2 01:41:57 UTC 2010 i686
libc:glibc 2.12.1 NPTL 2.12.1 
rlimit: STACK 8192k, CORE 0k, NPROC infinity, NOFILE 1024, AS infinity
load average:2.36 1.59 1.47

/proc/meminfo:
MemTotal:        3401632 kB
MemFree:         1800868 kB
Buffers:          156812 kB
Cached:           740276 kB
SwapCached:            0 kB
Active:           952296 kB
Inactive:         553192 kB
Active(anon):     644228 kB
Inactive(anon):    41192 kB
Active(file):     308068 kB
Inactive(file):   512000 kB
Unevictable:          16 kB
Mlocked:              16 kB
HighTotal:       2546168 kB
HighFree:        1179564 kB
LowTotal:         855464 kB
LowFree:          621304 kB
SwapTotal:       9765884 kB
SwapFree:        9765884 kB
Dirty:               160 kB
Writeback:             0 kB
AnonPages:        608432 kB
Mapped:           130044 kB
Shmem:             77020 kB
Slab:              45088 kB
SReclaimable:      25116 kB
SUnreclaim:        19972 kB
KernelStack:        3672 kB
PageTables:         7488 kB
NFS_Unstable:          0 kB
Bounce:                0 kB
WritebackTmp:          0 kB
CommitLimit:    11466700 kB
Committed_AS:    2056272 kB
VmallocTotal:     122880 kB
VmallocUsed:       39560 kB
VmallocChunk:      34832 kB
HardwareCorrupted:     0 kB
HugePages_Total:       0
HugePages_Free:        0
HugePages_Rsvd:        0
HugePages_Surp:        0
Hugepagesize:       4096 kB
DirectMap4k:       16376 kB
DirectMap4M:      892928 kB


CPU:total 4 (2 cores per cpu, 2 threads per core) family 6 model 37 stepping 2, cmov, cx8, fxsr, mmx, sse, sse2, sse3, ssse3, sse4.1, sse4.2, popcnt, ht

Memory: 4k page, physical 3401632k(1800868k free), swap 9765884k(9765884k free)

vm_info: OpenJDK Server VM (19.0-b09) for linux-x86 JRE (1.6.0_20-b20), built on Dec 10 2010 20:01:54 by "buildd" with gcc 4.4.5

time: Fri Jan 21 12:14:06 2011
elapsed time: 2063 seconds

